1626972042851	geckodriver	INFO	Listening on 127.0.0.1:37151
1626972042856	mozrunner::runner	INFO	Running command: "/usr/bin/firefox" "--marionette" "-foreground" "-no-remote" "-profile" "/tmp/rust_mozprofileL6dsNy"
[GFX1-]: glxtest: libEGL missing eglGetDisplayDriverName
[GFX1-]: glxtest: libEGL missing eglGetDisplayDriverName
1626972045088	Marionette	INFO	Marionette enabled
console.warn: SearchSettings: "get: No settings file exists, new profile?" (new NotFoundError("Could not open the file at /tmp/rust_mozprofileL6dsNy/search.json.mozlz4", (void 0)))
1626972049826	Marionette	INFO	Listening on port 41301
1626972050312	Marionette	WARN	TLS certificate errors will be ignored for this session
JavaScript error: , line 0: uncaught exception: Object
1626972056896	Marionette	INFO	Stopped listening on port 41301

###!!! [Parent][RunMessage] Error: Channel closing: too late to send/recv, messages will be lost

1626972080486	geckodriver	INFO	Listening on 127.0.0.1:47271
1626972080492	mozrunner::runner	INFO	Running command: "/usr/bin/firefox" "--marionette" "-foreground" "-no-remote" "-profile" "/tmp/rust_mozprofileyS52M3"
[GFX1-]: glxtest: libEGL missing eglGetDisplayDriverName
[GFX1-]: glxtest: libEGL missing eglGetDisplayDriverName
1626972082428	Marionette	INFO	Marionette enabled
console.warn: SearchSettings: "get: No settings file exists, new profile?" (new NotFoundError("Could not open the file at /tmp/rust_mozprofileyS52M3/search.json.mozlz4", (void 0)))
1626972086656	Marionette	INFO	Listening on port 34901
1626972088132	Marionette	WARN	TLS certificate errors will be ignored for this session
JavaScript error: , line 0: uncaught exception: Object
1626972150694	Marionette	INFO	Stopped listening on port 34901

###!!! [Parent][RunMessage] Error: Channel closing: too late to send/recv, messages will be lost

1626972182031	geckodriver	INFO	Listening on 127.0.0.1:58761
1626972182040	mozrunner::runner	INFO	Running command: "/usr/bin/firefox" "--marionette" "-foreground" "-no-remote" "-profile" "/tmp/rust_mozprofile9IZW0b"
[GFX1-]: glxtest: libEGL missing eglGetDisplayDriverName
[GFX1-]: glxtest: libEGL missing eglGetDisplayDriverName
1626972184436	Marionette	INFO	Marionette enabled
console.warn: SearchSettings: "get: No settings file exists, new profile?" (new NotFoundError("Could not open the file at /tmp/rust_mozprofile9IZW0b/search.json.mozlz4", (void 0)))
1626972188439	Marionette	INFO	Listening on port 33755
1626972188503	Marionette	WARN	TLS certificate errors will be ignored for this session
JavaScript error: , line 0: uncaught exception: Object
1626972240699	Marionette	INFO	Stopped listening on port 33755

###!!! [Parent][RunMessage] Error: Channel closing: too late to send/recv, messages will be lost

1626972241960	geckodriver	INFO	Listening on 127.0.0.1:58937
1626972241965	mozrunner::runner	INFO	Running command: "/usr/bin/firefox" "--marionette" "-foreground" "-no-remote" "-profile" "/tmp/rust_mozprofileOKIcJC"
[GFX1-]: glxtest: libEGL missing eglGetDisplayDriverName
[GFX1-]: glxtest: libEGL missing eglGetDisplayDriverName
1626972243987	Marionette	INFO	Marionette enabled
console.warn: SearchSettings: "get: No settings file exists, new profile?" (new NotFoundError("Could not open the file at /tmp/rust_mozprofileOKIcJC/search.json.mozlz4", (void 0)))
1626972248641	Marionette	INFO	Listening on port 46077
1626972249295	Marionette	WARN	TLS certificate errors will be ignored for this session
JavaScript error: , line 0: uncaught exception: Object

(firefox:30474): GLib-GObject-WARNING **: 12:44:21.021: ../../../gobject/gsignal.c:3600: signal name 'load_complete' is invalid for instance '0x7f82ce5bbef0' of type 'MaiAtkType139'

(firefox:30474): GLib-GObject-WARNING **: 12:44:21.033: ../../../gobject/gsignal.c:3600: signal name 'load_complete' is invalid for instance '0x7f82ce5bbfb0' of type 'MaiAtkType139'
SourceActor threw an exception: [Exception... "Component returned failure code: 0x80470002 (NS_BASE_STREAM_CLOSED) [nsIInputStream.available]"  nsresult: "0x80470002 (NS_BASE_STREAM_CLOSED)"  location: "JS frame :: resource://devtools/shared/DevToolsUtils.js :: onResponse :: line 567"  data: no]
Stack: onResponse@resource://devtools/shared/DevToolsUtils.js:567:34
onStopRequest@resource://gre/modules/NetUtil.jsm:128:18
Line: 567, column: 0
console.error: ({})
JavaScript error: resource://devtools/shared/DevToolsUtils.js, line 567: NS_BASE_STREAM_CLOSED: Component returned failure code: 0x80470002 (NS_BASE_STREAM_CLOSED) [nsIInputStream.available]
console.warn: LoginRecipes: "getRecipes: falling back to a synchronous message for:" "https://www.instagram.com"
console.warn: LoginRecipes: "getRecipes: falling back to a synchronous message for:" "https://www.instagram.com"
console.error: services.settings: 
  main/doh-config Signature failed  InvalidSignatureError: Invalid content signature (main/doh-config)
console.error: services.settings: 
  main/doh-config local data was corrupted
console.warn: services.settings: main/doh-config Signature verified failed. Retry from scratch
console.error: services.settings: 
  main/doh-providers Signature failed  InvalidSignatureError: Invalid content signature (main/doh-providers)
console.error: services.settings: 
  main/doh-providers local data was corrupted
console.warn: services.settings: main/doh-providers Signature verified failed. Retry from scratch
console.log: WebExtensions: reset-default-search: starting.
console.log: WebExtensions: reset-default-search: No addons in our list are installed.
1626973202366	geckodriver	INFO	Listening on 127.0.0.1:38429
1626973202373	mozrunner::runner	INFO	Running command: "/usr/bin/firefox" "--marionette" "-foreground" "-no-remote" "-profile" "/tmp/rust_mozprofileehR1dd"
[GFX1-]: glxtest: libEGL missing eglGetDisplayDriverName
[GFX1-]: glxtest: libEGL missing eglGetDisplayDriverName
1626973204305	Marionette	INFO	Marionette enabled
console.warn: SearchSettings: "get: No settings file exists, new profile?" (new NotFoundError("Could not open the file at /tmp/rust_mozprofileehR1dd/search.json.mozlz4", (void 0)))
1626973209879	Marionette	INFO	Listening on port 41871
1626973209910	Marionette	WARN	TLS certificate errors will be ignored for this session
JavaScript error: , line 0: uncaught exception: Object
1626973226145	Marionette	INFO	Stopped listening on port 41871
1626973228386	Marionette	INFO	Stopped listening on port 46077

###!!! [Parent][RunMessage] Error: Channel closing: too late to send/recv, messages will be lost

1626973295707	geckodriver	INFO	Listening on 127.0.0.1:41317
1626973296677	mozrunner::runner	INFO	Running command: "/usr/bin/firefox" "--marionette" "-foreground" "-no-remote" "-profile" "/tmp/rust_mozprofileMSMLDv"
[GFX1-]: glxtest: libEGL missing eglGetDisplayDriverName
[GFX1-]: glxtest: libEGL missing eglGetDisplayDriverName
1626973298702	Marionette	INFO	Marionette enabled
console.warn: SearchSettings: "get: No settings file exists, new profile?" (new NotFoundError("Could not open the file at /tmp/rust_mozprofileMSMLDv/search.json.mozlz4", (void 0)))
1626973302777	Marionette	INFO	Listening on port 36027
1626973302834	Marionette	WARN	TLS certificate errors will be ignored for this session
JavaScript error: , line 0: uncaught exception: Object

(firefox:32785): GLib-GObject-WARNING **: 13:02:07.381: ../../../gobject/gsignal.c:3600: signal name 'load_complete' is invalid for instance '0x7fb0103bedd0' of type 'MaiAtkType139'

(firefox:32785): GLib-GObject-WARNING **: 13:02:09.082: ../../../gobject/gsignal.c:3600: signal name 'load_complete' is invalid for instance '0x7fb005e8e6b0' of type 'MaiAtkType139'

(firefox:32785): GLib-GObject-WARNING **: 13:02:26.935: ../../../gobject/gsignal.c:3600: signal name 'load_complete' is invalid for instance '0x7fb005e1c110' of type 'MaiAtkType13b'

(firefox:32785): GLib-GObject-WARNING **: 13:02:48.574: ../../../gobject/gsignal.c:3600: signal name 'load_complete' is invalid for instance '0x7fb005460b90' of type 'MaiAtkType13b'
console.error: services.settings: 
  main/doh-config Signature failed  InvalidSignatureError: Invalid content signature (main/doh-config)
console.error: services.settings: 
  main/doh-config local data was corrupted
console.warn: services.settings: main/doh-config Signature verified failed. Retry from scratch
console.error: services.settings: 
  main/doh-providers Signature failed  InvalidSignatureError: Invalid content signature (main/doh-providers)
console.error: services.settings: 
  main/doh-providers local data was corrupted
console.warn: services.settings: main/doh-providers Signature verified failed. Retry from scratch
console.log: WebExtensions: reset-default-search: starting.
console.log: WebExtensions: reset-default-search: No addons in our list are installed.
1626973746894	geckodriver	INFO	Listening on 127.0.0.1:39585
1626973746900	mozrunner::runner	INFO	Running command: "/usr/bin/firefox" "--marionette" "-foreground" "-no-remote" "-profile" "/tmp/rust_mozprofileom5F9e"
[GFX1-]: glxtest: libEGL missing eglGetDisplayDriverName
[GFX1-]: glxtest: libEGL missing eglGetDisplayDriverName
1626973749359	Marionette	INFO	Marionette enabled
console.warn: SearchSettings: "get: No settings file exists, new profile?" (new NotFoundError("Could not open the file at /tmp/rust_mozprofileom5F9e/search.json.mozlz4", (void 0)))
1626973756062	Marionette	INFO	Listening on port 35785
console.error: Region.jsm: "Error fetching region" (new Error("TIMEOUT", "resource://gre/modules/Region.jsm", 772))
console.error: Region.jsm: "Failed to fetch region" (new Error("TIMEOUT", "resource://gre/modules/Region.jsm", 419))
1626973756605	Marionette	WARN	TLS certificate errors will be ignored for this session
JavaScript error: , line 0: uncaught exception: Object
1626973792332	Marionette	INFO	Stopped listening on port 35785

###!!! [Parent][RunMessage] Error: Channel closing: too late to send/recv, messages will be lost

1626973795300	Marionette	INFO	Stopped listening on port 36027

###!!! [Parent][RunMessage] Error: Channel closing: too late to send/recv, messages will be lost

1626973812570	geckodriver	INFO	Listening on 127.0.0.1:44437
1626973812576	mozrunner::runner	INFO	Running command: "/usr/bin/firefox" "--marionette" "-foreground" "-no-remote" "-profile" "/tmp/rust_mozprofileEATRaR"
[GFX1-]: glxtest: libEGL missing eglGetDisplayDriverName
[GFX1-]: glxtest: libEGL missing eglGetDisplayDriverName
1626973814524	Marionette	INFO	Marionette enabled
console.warn: SearchSettings: "get: No settings file exists, new profile?" (new NotFoundError("Could not open the file at /tmp/rust_mozprofileEATRaR/search.json.mozlz4", (void 0)))
1626973818471	Marionette	INFO	Listening on port 37135
1626973819907	Marionette	WARN	TLS certificate errors will be ignored for this session
JavaScript error: , line 0: uncaught exception: Object
1626973862583	Marionette	INFO	Stopped listening on port 37135

###!!! [Parent][RunMessage] Error: Channel closing: too late to send/recv, messages will be lost

1626974329117	geckodriver	INFO	Listening on 127.0.0.1:58621
1626974329123	mozrunner::runner	INFO	Running command: "/usr/bin/firefox" "--marionette" "-foreground" "-no-remote" "-profile" "/tmp/rust_mozprofileDFwDwv"
[GFX1-]: glxtest: libEGL missing eglGetDisplayDriverName
[GFX1-]: glxtest: libEGL missing eglGetDisplayDriverName
1626974331200	Marionette	INFO	Marionette enabled
console.warn: SearchSettings: "get: No settings file exists, new profile?" (new NotFoundError("Could not open the file at /tmp/rust_mozprofileDFwDwv/search.json.mozlz4", (void 0)))
1626974335142	Marionette	INFO	Listening on port 36427
1626974336675	Marionette	WARN	TLS certificate errors will be ignored for this session
JavaScript error: , line 0: uncaught exception: Object
1626974536384	geckodriver	INFO	Listening on 127.0.0.1:40491
1626974536390	mozrunner::runner	INFO	Running command: "/usr/bin/firefox" "--marionette" "-foreground" "-no-remote" "-profile" "/tmp/rust_mozprofileyYOPWQ"
[GFX1-]: glxtest: libEGL missing eglGetDisplayDriverName
[GFX1-]: glxtest: libEGL missing eglGetDisplayDriverName
1626974538862	Marionette	INFO	Marionette enabled
1626974540561	Marionette	INFO	Stopped listening on port 36427

###!!! [Parent][RunMessage] Error: Channel closing: too late to send/recv, messages will be lost

console.warn: SearchSettings: "get: No settings file exists, new profile?" (new NotFoundError("Could not open the file at /tmp/rust_mozprofileyYOPWQ/search.json.mozlz4", (void 0)))
1626974543252	Marionette	INFO	Listening on port 36071
1626974544741	Marionette	WARN	TLS certificate errors will be ignored for this session
JavaScript error: , line 0: uncaught exception: Object

(firefox:36180): GLib-GObject-WARNING **: 13:24:51.851: ../../../gobject/gsignal.c:3600: signal name 'load_complete' is invalid for instance '0x7f7cd5859fb0' of type 'MaiAtkType13b'

(firefox:36180): GLib-GObject-WARNING **: 13:24:51.869: ../../../gobject/gsignal.c:3600: signal name 'load_complete' is invalid for instance '0x7f7cd5859ef0' of type 'MaiAtkType13b'

(firefox:36180): GLib-GObject-WARNING **: 13:24:51.869: ../../../gobject/gsignal.c:3600: signal name 'load_complete' is invalid for instance '0x7f7cd5859590' of type 'MaiAtkType13b'

(firefox:36180): GLib-GObject-WARNING **: 13:24:57.399: ../../../gobject/gsignal.c:3600: signal name 'load_complete' is invalid for instance '0x7f7cbd0605f0' of type 'MaiAtkType139'

(firefox:36180): GLib-GObject-WARNING **: 13:24:57.399: ../../../gobject/gsignal.c:3600: signal name 'load_complete' is invalid for instance '0x7f7cbd0600b0' of type 'MaiAtkType139'
SourceActor threw an exception: [Exception... "Component returned failure code: 0x80470002 (NS_BASE_STREAM_CLOSED) [nsIInputStream.available]"  nsresult: "0x80470002 (NS_BASE_STREAM_CLOSED)"  location: "JS frame :: resource://devtools/shared/DevToolsUtils.js :: onResponse :: line 567"  data: no]
Stack: onResponse@resource://devtools/shared/DevToolsUtils.js:567:34
onStopRequest@resource://gre/modules/NetUtil.jsm:128:18
Line: 567, column: 0
console.error: ({})
JavaScript error: resource://devtools/shared/DevToolsUtils.js, line 567: NS_BASE_STREAM_CLOSED: Component returned failure code: 0x80470002 (NS_BASE_STREAM_CLOSED) [nsIInputStream.available]
console.error: services.settings: 
  main/doh-config Signature failed  InvalidSignatureError: Invalid content signature (main/doh-config)
console.error: services.settings: 
  main/doh-config local data was corrupted
console.warn: services.settings: main/doh-config Signature verified failed. Retry from scratch
console.error: services.settings: 
  main/doh-providers Signature failed  InvalidSignatureError: Invalid content signature (main/doh-providers)
console.error: services.settings: 
  main/doh-providers local data was corrupted
console.warn: services.settings: main/doh-providers Signature verified failed. Retry from scratch
console.log: WebExtensions: reset-default-search: starting.
console.log: WebExtensions: reset-default-search: No addons in our list are installed.
1626975640425	Marionette	INFO	Stopped listening on port 36071

###!!! [Parent][RunMessage] Error: Channel closing: too late to send/recv, messages will be lost

1626975643461	geckodriver	INFO	Listening on 127.0.0.1:45623
1626975643466	mozrunner::runner	INFO	Running command: "/usr/bin/firefox" "--marionette" "-foreground" "-no-remote" "-profile" "/tmp/rust_mozprofileviEqLr"
[GFX1-]: glxtest: libEGL missing eglGetDisplayDriverName
[GFX1-]: glxtest: libEGL missing eglGetDisplayDriverName
1626975645509	Marionette	INFO	Marionette enabled
console.warn: SearchSettings: "get: No settings file exists, new profile?" (new NotFoundError("Could not open the file at /tmp/rust_mozprofileviEqLr/search.json.mozlz4", (void 0)))
1626975649469	Marionette	INFO	Listening on port 34959
1626975649503	Marionette	WARN	TLS certificate errors will be ignored for this session
JavaScript error: , line 0: uncaught exception: Object
1626975741527	Marionette	INFO	Stopped listening on port 34959
1626975745877	geckodriver	INFO	Listening on 127.0.0.1:57063
1626975745887	mozrunner::runner	INFO	Running command: "/usr/bin/firefox" "--marionette" "-foreground" "-no-remote" "-profile" "/tmp/rust_mozprofileScnmog"
[GFX1-]: glxtest: libEGL missing eglGetDisplayDriverName
[GFX1-]: glxtest: libEGL missing eglGetDisplayDriverName
1626975747869	Marionette	INFO	Marionette enabled
console.warn: SearchSettings: "get: No settings file exists, new profile?" (new NotFoundError("Could not open the file at /tmp/rust_mozprofileScnmog/search.json.mozlz4", (void 0)))
1626975751686	Marionette	INFO	Listening on port 41399
1626975751721	Marionette	WARN	TLS certificate errors will be ignored for this session
JavaScript error: , line 0: uncaught exception: Object
1626975788028	Marionette	WARN	TimedPromise timed out after 500 ms: stacktrace:
TimedPromise/<@chrome://marionette/content/sync.js:237:19
TimedPromise@chrome://marionette/content/sync.js:222:10
interaction.flushEventLoop@chrome://marionette/content/interaction.js:431:10
webdriverClickElement@chrome://marionette/content/interaction.js:179:31
1626975830852	Marionette	INFO	Stopped listening on port 41399

###!!! [Parent][RunMessage] Error: Channel closing: too late to send/recv, messages will be lost

1626975889488	geckodriver	INFO	Listening on 127.0.0.1:59767
1626975889494	mozrunner::runner	INFO	Running command: "/usr/bin/firefox" "--marionette" "-foreground" "-no-remote" "-profile" "/tmp/rust_mozprofileGeCj4F"
[GFX1-]: glxtest: libEGL missing eglGetDisplayDriverName
[GFX1-]: glxtest: libEGL missing eglGetDisplayDriverName
1626975891527	Marionette	INFO	Marionette enabled
console.warn: SearchSettings: "get: No settings file exists, new profile?" (new NotFoundError("Could not open the file at /tmp/rust_mozprofileGeCj4F/search.json.mozlz4", (void 0)))
1626975895543	Marionette	INFO	Listening on port 45083
1626975897027	Marionette	WARN	TLS certificate errors will be ignored for this session
JavaScript error: , line 0: uncaught exception: Object
1626975934718	Marionette	WARN	TimedPromise timed out after 500 ms: stacktrace:
TimedPromise/<@chrome://marionette/content/sync.js:237:19
TimedPromise@chrome://marionette/content/sync.js:222:10
interaction.flushEventLoop@chrome://marionette/content/interaction.js:431:10
webdriverClickElement@chrome://marionette/content/interaction.js:179:31
1626976139824	geckodriver	INFO	Listening on 127.0.0.1:57201
1626976139829	mozrunner::runner	INFO	Running command: "/usr/bin/firefox" "--marionette" "-foreground" "-no-remote" "-profile" "/tmp/rust_mozprofileBIHReO"
[GFX1-]: glxtest: libEGL missing eglGetDisplayDriverName
[GFX1-]: glxtest: libEGL missing eglGetDisplayDriverName
1626976141860	Marionette	INFO	Marionette enabled
console.warn: SearchSettings: "get: No settings file exists, new profile?" (new NotFoundError("Could not open the file at /tmp/rust_mozprofileBIHReO/search.json.mozlz4", (void 0)))
1626976145651	Marionette	INFO	Listening on port 34325
1626976146185	Marionette	WARN	TLS certificate errors will be ignored for this session
JavaScript error: , line 0: uncaught exception: Object
1626976180490	Marionette	WARN	TimedPromise timed out after 500 ms: stacktrace:
TimedPromise/<@chrome://marionette/content/sync.js:237:19
TimedPromise@chrome://marionette/content/sync.js:222:10
interaction.flushEventLoop@chrome://marionette/content/interaction.js:431:10
webdriverClickElement@chrome://marionette/content/interaction.js:179:31
1626976249453	Marionette	WARN	TimedPromise timed out after 500 ms: stacktrace:
TimedPromise/<@chrome://marionette/content/sync.js:237:19
TimedPromise@chrome://marionette/content/sync.js:222:10
interaction.flushEventLoop@chrome://marionette/content/interaction.js:431:10
webdriverClickElement@chrome://marionette/content/interaction.js:179:31
1626976525099	geckodriver	INFO	Listening on 127.0.0.1:40103
1626976525106	mozrunner::runner	INFO	Running command: "/usr/bin/firefox" "--marionette" "-foreground" "-no-remote" "-profile" "/tmp/rust_mozprofileeKjFlM"
[GFX1-]: glxtest: libEGL missing eglGetDisplayDriverName
[GFX1-]: glxtest: libEGL missing eglGetDisplayDriverName
1626976531263	Marionette	INFO	Marionette enabled
console.warn: SearchSettings: "get: No settings file exists, new profile?" (new NotFoundError("Could not open the file at /tmp/rust_mozprofileeKjFlM/search.json.mozlz4", (void 0)))
1626976535876	Marionette	INFO	Listening on port 40681
1626976536399	Marionette	WARN	TLS certificate errors will be ignored for this session
JavaScript error: , line 0: uncaught exception: Object
1626976573176	Marionette	WARN	TimedPromise timed out after 500 ms: stacktrace:
TimedPromise/<@chrome://marionette/content/sync.js:237:19
TimedPromise@chrome://marionette/content/sync.js:222:10
interaction.flushEventLoop@chrome://marionette/content/interaction.js:431:10
webdriverClickElement@chrome://marionette/content/interaction.js:179:31
1626976704860	Marionette	WARN	TimedPromise timed out after 500 ms: stacktrace:
TimedPromise/<@chrome://marionette/content/sync.js:237:19
TimedPromise@chrome://marionette/content/sync.js:222:10
interaction.flushEventLoop@chrome://marionette/content/interaction.js:431:10
webdriverClickElement@chrome://marionette/content/interaction.js:179:31
1626976718698	Marionette	INFO	Stopped listening on port 40681
